[0712/141843:ERROR:process_reader_win.cc(232)] ReadMemory at 0x2b5f82b5930 of 132 bytes failed: Only part of a ReadProcessMemory or WriteProcessMemory request was completed. (0x12B)
[0712/141843:ERROR:process_reader_win.cc(232)] ReadMemory at 0x2b5f82b5930 of 132 bytes failed: Only part of a ReadProcessMemory or WriteProcessMemory request was completed. (0x12B)
[0712/141843:ERROR:process_reader_win.cc(232)] ReadMemory at 0x2b5f82b57b0 of 132 bytes failed: Only part of a ReadProcessMemory or WriteProcessMemory request was completed. (0x12B)
[0712/141843:ERROR:process_reader_win.cc(232)] ReadMemory at 0x2b5f82b49f0 of 1004 bytes failed: Only part of a ReadProcessMemory or WriteProcessMemory request was completed. (0x12B)
[0712/141843:ERROR:process_snapshot_win.cc(380)] ReadMemory RTL_USER_PROCESS_PARAMETERS
[0712/141843:ERROR:process_reader_win.cc(141)] SuspendThread: Access is denied. (0x5)
[0712/141843:ERROR:exception_snapshot_win.cc(57)] thread ID 11324 not found in process
[0712/141843:WARNING:crash_report_exception_handler.cc(60)] ProcessSnapshotWin::InitializeException failed
[0712/141843:ERROR:scoped_process_suspend.cc(38)] NtResumeProcess, ntstatus=-1073741558
[0720/161028:ERROR:process_info.cc(608)] range at 0x96b256aa00000000, size 0x1fe fully unreadable
[0720/161028:ERROR:process_info.cc(608)] range at 0x96b2570a00000000, size 0x1fe fully unreadable
[0720/161028:ERROR:process_info.cc(608)] range at 0x0, size 0x1fe fully unreadable
[0720/161028:WARNING:in_range_cast.h(38)] value 2192961573046 out of range
[0720/161028:WARNING:in_range_cast.h(38)] value 2192961585928 out of range
[0720/161028:WARNING:in_range_cast.h(38)] value 2192961572666 out of range
[0720/161028:WARNING:in_range_cast.h(38)] value 2192961586230 out of range
[0720/161028:WARNING:in_range_cast.h(38)] value 2192961573760 out of range
[0720/161028:WARNING:in_range_cast.h(38)] value 2192961573688 out of range
[0720/161028:WARNING:in_range_cast.h(38)] value 2192961576576 out of range
[0720/161028:WARNING:in_range_cast.h(38)] value 2192962125216 out of range
[0720/161028:ERROR:process_reader_win.cc(232)] ReadMemory at 0x43f6eee000 of 73728 bytes failed: Only part of a ReadProcessMemory or WriteProcessMemory request was completed. (0x12B)
[0720/161028:ERROR:crash_report_exception_handler.cc(102)] WriteEverything failed
[0720/161028:ERROR:scoped_process_suspend.cc(38)] NtResumeProcess, ntstatus=-1073741558
